<?xml version="1.0" encoding="UTF-8"?>
<testng-results ignored="0" total="1" passed="1" failed="0" skipped="0">
  <reporter-output>
  </reporter-output>
  <suite started-at="2024-04-06T07:29:17 IST" name="Default suite" finished-at="2024-04-06T07:29:27 IST" duration-ms="10285">
    <groups>
    </groups>
    <test started-at="2024-04-06T07:29:17 IST" name="Default test" finished-at="2024-04-06T07:29:27 IST" duration-ms="10285">
      <class name="sauceOrder.PurchaseItem">
        <test-method signature="preCondition()[pri:0, instance:sauceOrder.PurchaseItem@306e95ec]" started-at="2024-04-06T07:29:17 IST" name="preCondition" finished-at="2024-04-06T07:29:27 IST" duration-ms="10226" status="PASS">
          <reporter-output>
          </reporter-output>
        </test-method> <!-- preCondition -->
      </class> <!-- sauceOrder.PurchaseItem -->
    </test> <!-- Default test -->
  </suite> <!-- Default suite -->
</testng-results>
