<?xml version="1.0" encoding="UTF-8"?>
<testng-results ignored="0" total="1" passed="1" failed="0" skipped="0">
  <reporter-output>
  </reporter-output>
  <suite started-at="2024-04-05T18:58:24 IST" name="Suite" finished-at="2024-04-05T18:58:30 IST" duration-ms="5566">
    <groups>
    </groups>
    <test started-at="2024-04-05T18:58:24 IST" name="Test" finished-at="2024-04-05T18:58:30 IST" duration-ms="5566">
      <class name="sauceOrder.PurchaseItem">
        <test-method signature="preCondition()[pri:0, instance:sauceOrder.PurchaseItem@306e95ec]" started-at="2024-04-05T18:58:24 IST" name="preCondition" finished-at="2024-04-05T18:58:30 IST" duration-ms="5519" status="PASS">
          <reporter-output>
          </reporter-output>
        </test-method> <!-- preCondition -->
      </class> <!-- sauceOrder.PurchaseItem -->
    </test> <!-- Test -->
  </suite> <!-- Suite -->
</testng-results>
